[2015-04-16 15:06:37] local.ERROR: exception 'PDOException' with message 'SQLSTATE[HY000] [1049] Unknown database 'freeads'' in C:\wamp\www\Projets_MVC_Free_Ads\vendor\laravel\framework\src\Illuminate\Database\Connectors\Connector.php:47
Stack trace:
#0 C:\wamp\www\Projets_MVC_Free_Ads\vendor\laravel\framework\src\Illuminate\Database\Connectors\Connector.php(47): PDO->__construct('mysql:host=loca...', 'root', '', Array)
#1 C:\wamp\www\Projets_MVC_Free_Ads\vendor\laravel\framework\src\Illuminate\Database\Connectors\MySqlConnector.php(20): Illuminate\Database\Connectors\Connector->createConnection('mysql:host=loca...', Array, Array)
#2 C:\wamp\www\Projets_MVC_Free_Ads\vendor\laravel\framework\src\Illuminate\Database\Connectors\ConnectionFactory.php(58): Illuminate\Database\Connectors\MySqlConnector->connect(Array)
#3 C:\wamp\www\Projets_MVC_Free_Ads\vendor\laravel\framework\src\Illuminate\Database\Connectors\ConnectionFactory.php(47): Illuminate\Database\Connectors\ConnectionFactory->createSingleConnection(Array)
#4 C:\wamp\www\Projets_MVC_Free_Ads\vendor\laravel\framework\src\Illuminate\Database\DatabaseManager.php(177): Illuminate\Database\Connectors\ConnectionFactory->make(Array, 'mysql')
#5 C:\wamp\www\Projets_MVC_Free_Ads\vendor\laravel\framework\src\Illuminate\Database\DatabaseManager.php(65): Illuminate\Database\DatabaseManager->makeConnection('mysql')
#6 C:\wamp\www\Projets_MVC_Free_Ads\vendor\laravel\framework\src\Illuminate\Database\Eloquent\Model.php(3132): Illuminate\Database\DatabaseManager->connection(NULL)
#7 C:\wamp\www\Projets_MVC_Free_Ads\vendor\laravel\framework\src\Illuminate\Database\Eloquent\Model.php(3098): Illuminate\Database\Eloquent\Model::resolveConnection(NULL)
#8 C:\wamp\www\Projets_MVC_Free_Ads\vendor\laravel\framework\src\Illuminate\Database\Eloquent\Model.php(1891): Illuminate\Database\Eloquent\Model->getConnection()
#9 C:\wamp\www\Projets_MVC_Free_Ads\vendor\laravel\framework\src\Illuminate\Database\Eloquent\Model.php(1832): Illuminate\Database\Eloquent\Model->newBaseQueryBuilder()
#10 C:\wamp\www\Projets_MVC_Free_Ads\vendor\laravel\framework\src\Illuminate\Database\Eloquent\Model.php(1806): Illuminate\Database\Eloquent\Model->newQueryWithoutScopes()
#11 C:\wamp\www\Projets_MVC_Free_Ads\vendor\laravel\framework\src\Illuminate\Auth\EloquentUserProvider.php(89): Illuminate\Database\Eloquent\Model->newQuery()
#12 C:\wamp\www\Projets_MVC_Free_Ads\vendor\laravel\framework\src\Illuminate\Auth\Guard.php(359): Illuminate\Auth\EloquentUserProvider->retrieveByCredentials(Array)
#13 [internal function]: Illuminate\Auth\Guard->attempt(Array)
#14 C:\wamp\www\Projets_MVC_Free_Ads\vendor\laravel\framework\src\Illuminate\Support\Manager.php(139): call_user_func_array(Array, Array)
#15 C:\wamp\www\Projets_MVC_Free_Ads\vendor\laravel\framework\src\Illuminate\Support\Facades\Facade.php(210): Illuminate\Support\Manager->__call('attempt', Array)
#16 C:\wamp\www\Projets_MVC_Free_Ads\vendor\laravel\framework\src\Illuminate\Support\Facades\Facade.php(210): Illuminate\Auth\AuthManager->attempt(Array)
#17 C:\wamp\www\Projets_MVC_Free_Ads\app\Http\Controllers\UtilisateursController.php(110): Illuminate\Support\Facades\Facade::__callStatic('attempt', Array)
#18 C:\wamp\www\Projets_MVC_Free_Ads\app\Http\Controllers\UtilisateursController.php(110): Illuminate\Support\Facades\Auth::attempt(Array)
#19 [internal function]: freeads\Http\Controllers\UtilisateursController->verif()
#20 C:\wamp\www\Projets_MVC_Free_Ads\vendor\laravel\framework\src\Illuminate\Routing\Controller.php(246): call_user_func_array(Array, Array)
#21 C:\wamp\www\Projets_MVC_Free_Ads\vendor\laravel\framework\src\Illuminate\Routing\ControllerDispatcher.php(162): Illuminate\Routing\Controller->callAction('verif', Array)
#22 C:\wamp\www\Projets_MVC_Free_Ads\vendor\laravel\framework\src\Illuminate\Routing\ControllerDispatcher.php(107): Illuminate\Routing\ControllerDispatcher->call(Object(freeads\Http\Controllers\UtilisateursController), Object(Illuminate\Routing\Route), 'verif')
#23 [internal function]: Illuminate\Routing\ControllerDispatcher->Illuminate\Routing\{closure}(Object(Illuminate\Http\Request))
#24 C:\wamp\www\Projets_MVC_Free_Ads\vendor\laravel\framework\src\Illuminate\Pipeline\Pipeline.php(141): call_user_func(Object(Closure), Object(Illuminate\Http\Request))
#25 [internal function]: Illuminate\Pipeline\Pipeline->Illuminate\Pipeline\{closure}(Object(Illuminate\Http\Request))
#26 C:\wamp\www\Projets_MVC_Free_Ads\vendor\laravel\framework\src\Illuminate\Pipeline\Pipeline.php(101): call_user_func(Object(Closure), Object(Illuminate\Http\Request))
#27 C:\wamp\www\Projets_MVC_Free_Ads\vendor\laravel\framework\src\Illuminate\Routing\ControllerDispatcher.php(108): Illuminate\Pipeline\Pipeline->then(Object(Closure))
#28 C:\wamp\www\Projets_MVC_Free_Ads\vendor\laravel\framework\src\Illuminate\Routing\ControllerDispatcher.php(67): Illuminate\Routing\ControllerDispatcher->callWithinStack(Object(freeads\Http\Controllers\UtilisateursController), Object(Illuminate\Routing\Route), Object(Illuminate\Http\Request), 'verif')
#29 C:\wamp\www\Projets_MVC_Free_Ads\vendor\laravel\framework\src\Illuminate\Routing\Route.php(198): Illuminate\Routing\ControllerDispatcher->dispatch(Object(Illuminate\Routing\Route), Object(Illuminate\Http\Request), 'freeads\\Http\\Co...', 'verif')
#30 C:\wamp\www\Projets_MVC_Free_Ads\vendor\laravel\framework\src\Illuminate\Routing\Route.php(131): Illuminate\Routing\Route->runWithCustomDispatcher(Object(Illuminate\Http\Request))
#31 C:\wamp\www\Projets_MVC_Free_Ads\vendor\laravel\framework\src\Illuminate\Routing\Router.php(691): Illuminate\Routing\Route->run(Object(Illuminate\Http\Request))
#32 [internal function]: Illuminate\Routing\Router->Illuminate\Routing\{closure}(Object(Illuminate\Http\Request))
#33 C:\wamp\www\Projets_MVC_Free_Ads\vendor\laravel\framework\src\Illuminate\Pipeline\Pipeline.php(141): call_user_func(Object(Closure), Object(Illuminate\Http\Request))
#34 [internal function]: Illuminate\Pipeline\Pipeline->Illuminate\Pipeline\{closure}(Object(Illuminate\Http\Request))
#35 C:\wamp\www\Projets_MVC_Free_Ads\vendor\laravel\framework\src\Illuminate\Pipeline\Pipeline.php(101): call_user_func(Object(Closure), Object(Illuminate\Http\Request))
#36 C:\wamp\www\Projets_MVC_Free_Ads\vendor\laravel\framework\src\Illuminate\Routing\Router.php(693): Illuminate\Pipeline\Pipeline->then(Object(Closure))
#37 C:\wamp\www\Projets_MVC_Free_Ads\vendor\laravel\framework\src\Illuminate\Routing\Router.php(660): Illuminate\Routing\Router->runRouteWithinStack(Object(Illuminate\Routing\Route), Object(Illuminate\Http\Request))
#38 C:\wamp\www\Projets_MVC_Free_Ads\vendor\laravel\framework\src\Illuminate\Routing\Router.php(618): Illuminate\Routing\Router->dispatchToRoute(Object(Illuminate\Http\Request))
#39 C:\wamp\www\Projets_MVC_Free_Ads\vendor\laravel\framework\src\Illuminate\Foundation\Http\Kernel.php(214): Illuminate\Routing\Router->dispatch(Object(Illuminate\Http\Request))
#40 [internal function]: Illuminate\Foundation\Http\Kernel->Illuminate\Foundation\Http\{closure}(Object(Illuminate\Http\Request))
#41 C:\wamp\www\Projets_MVC_Free_Ads\vendor\laravel\framework\src\Illuminate\Pipeline\Pipeline.php(141): call_user_func(Object(Closure), Object(Illuminate\Http\Request))
#42 C:\wamp\www\Projets_MVC_Free_Ads\vendor\laravel\framework\src\Illuminate\Foundation\Http\Middleware\VerifyCsrfToken.php(43): Illuminate\Pipeline\Pipeline->Illuminate\Pipeline\{closure}(Object(Illuminate\Http\Request))
#43 C:\wamp\www\Projets_MVC_Free_Ads\app\Http\Middleware\VerifyCsrfToken.php(17): Illuminate\Foundation\Http\Middleware\VerifyCsrfToken->handle(Object(Illuminate\Http\Request), Object(Closure))
#44 C:\wamp\www\Projets_MVC_Free_Ads\vendor\laravel\framework\src\Illuminate\Pipeline\Pipeline.php(125): freeads\Http\Middleware\VerifyCsrfToken->handle(Object(Illuminate\Http\Request), Object(Closure))
#45 C:\wamp\www\Projets_MVC_Free_Ads\vendor\laravel\framework\src\Illuminate\View\Middleware\ShareErrorsFromSession.php(55): Illuminate\Pipeline\Pipeline->Illuminate\Pipeline\{closure}(Object(Illuminate\Http\Request))
#46 C:\wamp\www\Projets_MVC_Free_Ads\vendor\laravel\framework\src\Illuminate\Pipeline\Pipeline.php(125): Illuminate\View\Middleware\ShareErrorsFromSession->handle(Object(Illuminate\Http\Request), Object(Closure))
#47 C:\wamp\www\Projets_MVC_Free_Ads\vendor\laravel\framework\src\Illuminate\Session\Middleware\StartSession.php(61): Illuminate\Pipeline\Pipeline->Illuminate\Pipeline\{closure}(Object(Illuminate\Http\Request))
#48 C:\wamp\www\Projets_MVC_Free_Ads\vendor\laravel\framework\src\Illuminate\Pipeline\Pipeline.php(125): Illuminate\Session\Middleware\StartSession->handle(Object(Illuminate\Http\Request), Object(Closure))
#49 C:\wamp\www\Projets_MVC_Free_Ads\vendor\laravel\framework\src\Illuminate\Cookie\Middleware\AddQueuedCookiesToResponse.php(36): Illuminate\Pipeline\Pipeline->Illuminate\Pipeline\{closure}(Object(Illuminate\Http\Request))
#50 C:\wamp\www\Projets_MVC_Free_Ads\vendor\laravel\framework\src\Illuminate\Pipeline\Pipeline.php(125): Illuminate\Cookie\Middleware\AddQueuedCookiesToResponse->handle(Object(Illuminate\Http\Request), Object(Closure))
#51 C:\wamp\www\Projets_MVC_Free_Ads\vendor\laravel\framework\src\Illuminate\Cookie\Middleware\EncryptCookies.php(40): Illuminate\Pipeline\Pipeline->Illuminate\Pipeline\{closure}(Object(Illuminate\Http\Request))
#52 C:\wamp\www\Projets_MVC_Free_Ads\vendor\laravel\framework\src\Illuminate\Pipeline\Pipeline.php(125): Illuminate\Cookie\Middleware\EncryptCookies->handle(Object(Illuminate\Http\Request), Object(Closure))
#53 C:\wamp\www\Projets_MVC_Free_Ads\vendor\laravel\framework\src\Illuminate\Foundation\Http\Middleware\CheckForMaintenanceMode.php(42): Illuminate\Pipeline\Pipeline->Illuminate\Pipeline\{closure}(Object(Illuminate\Http\Request))
#54 C:\wamp\www\Projets_MVC_Free_Ads\vendor\laravel\framework\src\Illuminate\Pipeline\Pipeline.php(125): Illuminate\Foundation\Http\Middleware\CheckForMaintenanceMode->handle(Object(Illuminate\Http\Request), Object(Closure))
#55 [internal function]: Illuminate\Pipeline\Pipeline->Illuminate\Pipeline\{closure}(Object(Illuminate\Http\Request))
#56 C:\wamp\www\Projets_MVC_Free_Ads\vendor\laravel\framework\src\Illuminate\Pipeline\Pipeline.php(101): call_user_func(Object(Closure), Object(Illuminate\Http\Request))
#57 C:\wamp\www\Projets_MVC_Free_Ads\vendor\laravel\framework\src\Illuminate\Foundation\Http\Kernel.php(115): Illuminate\Pipeline\Pipeline->then(Object(Closure))
#58 C:\wamp\www\Projets_MVC_Free_Ads\vendor\laravel\framework\src\Illuminate\Foundation\Http\Kernel.php(84): Illuminate\Foundation\Http\Kernel->sendRequestThroughRouter(Object(Illuminate\Http\Request))
#59 C:\wamp\www\Projets_MVC_Free_Ads\public\index.php(53): Illuminate\Foundation\Http\Kernel->handle(Object(Illuminate\Http\Request))
#60 {main}  
[2015-04-16 15:08:22] local.ERROR: exception 'PDOException' with message 'SQLSTATE[HY000] [1049] Unknown database 'freeads'' in C:\wamp\www\Projets_MVC_Free_Ads\vendor\laravel\framework\src\Illuminate\Database\Connectors\Connector.php:47
Stack trace:
#0 C:\wamp\www\Projets_MVC_Free_Ads\vendor\laravel\framework\src\Illuminate\Database\Connectors\Connector.php(47): PDO->__construct('mysql:host=loca...', 'root', '', Array)
#1 C:\wamp\www\Projets_MVC_Free_Ads\vendor\laravel\framework\src\Illuminate\Database\Connectors\MySqlConnector.php(20): Illuminate\Database\Connectors\Connector->createConnection('mysql:host=loca...', Array, Array)
#2 C:\wamp\www\Projets_MVC_Free_Ads\vendor\laravel\framework\src\Illuminate\Database\Connectors\ConnectionFactory.php(58): Illuminate\Database\Connectors\MySqlConnector->connect(Array)
#3 C:\wamp\www\Projets_MVC_Free_Ads\vendor\laravel\framework\src\Illuminate\Database\Connectors\ConnectionFactory.php(47): Illuminate\Database\Connectors\ConnectionFactory->createSingleConnection(Array)
#4 C:\wamp\www\Projets_MVC_Free_Ads\vendor\laravel\framework\src\Illuminate\Database\DatabaseManager.php(177): Illuminate\Database\Connectors\ConnectionFactory->make(Array, 'mysql')
#5 C:\wamp\www\Projets_MVC_Free_Ads\vendor\laravel\framework\src\Illuminate\Database\DatabaseManager.php(65): Illuminate\Database\DatabaseManager->makeConnection('mysql')
#6 C:\wamp\www\Projets_MVC_Free_Ads\vendor\laravel\framework\src\Illuminate\Database\Migrations\DatabaseMigrationRepository.php(167): Illuminate\Database\DatabaseManager->connection(NULL)
#7 C:\wamp\www\Projets_MVC_Free_Ads\vendor\laravel\framework\src\Illuminate\Database\Migrations\DatabaseMigrationRepository.php(135): Illuminate\Database\Migrations\DatabaseMigrationRepository->getConnection()
#8 C:\wamp\www\Projets_MVC_Free_Ads\vendor\laravel\framework\src\Illuminate\Database\Migrations\Migrator.php(371): Illuminate\Database\Migrations\DatabaseMigrationRepository->repositoryExists()
#9 C:\wamp\www\Projets_MVC_Free_Ads\vendor\laravel\framework\src\Illuminate\Database\Console\Migrations\MigrateCommand.php(101): Illuminate\Database\Migrations\Migrator->repositoryExists()
#10 C:\wamp\www\Projets_MVC_Free_Ads\vendor\laravel\framework\src\Illuminate\Database\Console\Migrations\MigrateCommand.php(54): Illuminate\Database\Console\Migrations\MigrateCommand->prepareDatabase()
#11 [internal function]: Illuminate\Database\Console\Migrations\MigrateCommand->fire()
#12 C:\wamp\www\Projets_MVC_Free_Ads\vendor\laravel\framework\src\Illuminate\Container\Container.php(523): call_user_func_array(Array, Array)
#13 C:\wamp\www\Projets_MVC_Free_Ads\vendor\laravel\framework\src\Illuminate\Console\Command.php(115): Illuminate\Container\Container->call(Array)
#14 C:\wamp\www\Projets_MVC_Free_Ads\vendor\symfony\console\Symfony\Component\Console\Command\Command.php(257): Illuminate\Console\Command->execute(Object(Symfony\Component\Console\Input\ArgvInput), Object(Symfony\Component\Console\Output\ConsoleOutput))
#15 C:\wamp\www\Projets_MVC_Free_Ads\vendor\laravel\framework\src\Illuminate\Console\Command.php(101): Symfony\Component\Console\Command\Command->run(Object(Symfony\Component\Console\Input\ArgvInput), Object(Symfony\Component\Console\Output\ConsoleOutput))
#16 C:\wamp\www\Projets_MVC_Free_Ads\vendor\symfony\console\Symfony\Component\Console\Application.php(874): Illuminate\Console\Command->run(Object(Symfony\Component\Console\Input\ArgvInput), Object(Symfony\Component\Console\Output\ConsoleOutput))
#17 C:\wamp\www\Projets_MVC_Free_Ads\vendor\symfony\console\Symfony\Component\Console\Application.php(195): Symfony\Component\Console\Application->doRunCommand(Object(Illuminate\Database\Console\Migrations\MigrateCommand), Object(Symfony\Component\Console\Input\ArgvInput), Object(Symfony\Component\Console\Output\ConsoleOutput))
#18 C:\wamp\www\Projets_MVC_Free_Ads\vendor\symfony\console\Symfony\Component\Console\Application.php(126): Symfony\Component\Console\Application->doRun(Object(Symfony\Component\Console\Input\ArgvInput), Object(Symfony\Component\Console\Output\ConsoleOutput))
#19 C:\wamp\www\Projets_MVC_Free_Ads\vendor\laravel\framework\src\Illuminate\Foundation\Console\Kernel.php(90): Symfony\Component\Console\Application->run(Object(Symfony\Component\Console\Input\ArgvInput), Object(Symfony\Component\Console\Output\ConsoleOutput))
#20 C:\wamp\www\Projets_MVC_Free_Ads\artisan(36): Illuminate\Foundation\Console\Kernel->handle(Object(Symfony\Component\Console\Input\ArgvInput), Object(Symfony\Component\Console\Output\ConsoleOutput))
#21 {main}  
[2015-04-16 15:09:04] local.ERROR: exception 'Symfony\Component\Debug\Exception\FatalErrorException' with message 'Class 'Utilisateur' not found' in C:\wamp\www\Projets_MVC_Free_Ads\vendor\laravel\framework\src\Illuminate\Database\Migrations\Migrator.php:301
Stack trace:
#0 C:\wamp\www\Projets_MVC_Free_Ads\vendor\laravel\framework\src\Illuminate\Foundation\Bootstrap\HandleExceptions.php(131): Symfony\Component\Debug\Exception\FatalErrorException->__construct()
#1 C:\wamp\www\Projets_MVC_Free_Ads\vendor\laravel\framework\src\Illuminate\Foundation\Bootstrap\HandleExceptions.php(116): Illuminate\Foundation\Bootstrap\HandleExceptions->fatalExceptionFromError()
#2 C:\wamp\www\Projets_MVC_Free_Ads\vendor\laravel\framework\src\Illuminate\Foundation\Bootstrap\HandleExceptions.php(0): Illuminate\Foundation\Bootstrap\HandleExceptions->handleShutdown()
#3 C:\wamp\www\Projets_MVC_Free_Ads\vendor\laravel\framework\src\Illuminate\Database\Migrations\Migrator.php(128): Illuminate\Database\Migrations\Migrator->resolve()
#4 C:\wamp\www\Projets_MVC_Free_Ads\vendor\laravel\framework\src\Illuminate\Database\Migrations\Migrator.php(111): Illuminate\Database\Migrations\Migrator->runUp()
#5 C:\wamp\www\Projets_MVC_Free_Ads\vendor\laravel\framework\src\Illuminate\Database\Migrations\Migrator.php(82): Illuminate\Database\Migrations\Migrator->runMigrationList()
#6 C:\wamp\www\Projets_MVC_Free_Ads\vendor\laravel\framework\src\Illuminate\Database\Console\Migrations\MigrateCommand.php(73): Illuminate\Database\Migrations\Migrator->run()
#7 C:\wamp\www\Projets_MVC_Free_Ads\vendor\laravel\framework\src\Illuminate\Container\Container.php(523): Illuminate\Database\Console\Migrations\MigrateCommand->fire()
#8 C:\wamp\www\Projets_MVC_Free_Ads\vendor\laravel\framework\src\Illuminate\Container\Container.php(523): call_user_func_array:{C:\wamp\www\Projets_MVC_Free_Ads\vendor\laravel\framework\src\Illuminate\Container\Container.php:523}()
#9 C:\wamp\www\Projets_MVC_Free_Ads\vendor\laravel\framework\src\Illuminate\Console\Command.php(115): Illuminate\Container\Container->call()
#10 C:\wamp\www\Projets_MVC_Free_Ads\vendor\symfony\console\Symfony\Component\Console\Command\Command.php(257): Illuminate\Console\Command->execute()
#11 C:\wamp\www\Projets_MVC_Free_Ads\vendor\laravel\framework\src\Illuminate\Console\Command.php(101): Symfony\Component\Console\Command\Command->run()
#12 C:\wamp\www\Projets_MVC_Free_Ads\vendor\symfony\console\Symfony\Component\Console\Application.php(874): Illuminate\Console\Command->run()
#13 C:\wamp\www\Projets_MVC_Free_Ads\vendor\symfony\console\Symfony\Component\Console\Application.php(195): Symfony\Component\Console\Application->doRunCommand()
#14 C:\wamp\www\Projets_MVC_Free_Ads\vendor\symfony\console\Symfony\Component\Console\Application.php(126): Symfony\Component\Console\Application->doRun()
#15 C:\wamp\www\Projets_MVC_Free_Ads\vendor\laravel\framework\src\Illuminate\Foundation\Console\Kernel.php(90): Symfony\Component\Console\Application->run()
#16 C:\wamp\www\Projets_MVC_Free_Ads\artisan(36): Illuminate\Foundation\Console\Kernel->handle()
#17 C:\wamp\www\Projets_MVC_Free_Ads\artisan(0): {main}()
#18 {main}  
[2015-04-16 15:11:12] local.ERROR: exception 'ErrorException' with message 'The use statement with non-compound name 'Utilisateur' has no effect' in C:\wamp\www\Projets_MVC_Free_Ads\database\migrations\2015_03_23_085838_Utilisateur.php:5
Stack trace:
#0 C:\wamp\www\Projets_MVC_Free_Ads\vendor\laravel\framework\src\Illuminate\Filesystem\Filesystem.php(61): Illuminate\Foundation\Bootstrap\HandleExceptions->handleError(2, 'The use stateme...', 'C:\\wamp\\www\\Pro...', 5, Array)
#1 C:\wamp\www\Projets_MVC_Free_Ads\vendor\laravel\framework\src\Illuminate\Filesystem\Filesystem.php(61): Illuminate\Filesystem\Filesystem::requireOnce()
#2 C:\wamp\www\Projets_MVC_Free_Ads\vendor\laravel\framework\src\Illuminate\Database\Migrations\Migrator.php(247): Illuminate\Filesystem\Filesystem->requireOnce('C:\\wamp\\www\\Pro...')
#3 C:\wamp\www\Projets_MVC_Free_Ads\vendor\laravel\framework\src\Illuminate\Database\Migrations\Migrator.php(80): Illuminate\Database\Migrations\Migrator->requireFiles('C:\\wamp\\www\\Pro...', Array)
#4 C:\wamp\www\Projets_MVC_Free_Ads\vendor\laravel\framework\src\Illuminate\Database\Console\Migrations\MigrateCommand.php(73): Illuminate\Database\Migrations\Migrator->run('C:\\wamp\\www\\Pro...', false)
#5 [internal function]: Illuminate\Database\Console\Migrations\MigrateCommand->fire()
#6 C:\wamp\www\Projets_MVC_Free_Ads\vendor\laravel\framework\src\Illuminate\Container\Container.php(523): call_user_func_array(Array, Array)
#7 C:\wamp\www\Projets_MVC_Free_Ads\vendor\laravel\framework\src\Illuminate\Console\Command.php(115): Illuminate\Container\Container->call(Array)
#8 C:\wamp\www\Projets_MVC_Free_Ads\vendor\symfony\console\Symfony\Component\Console\Command\Command.php(257): Illuminate\Console\Command->execute(Object(Symfony\Component\Console\Input\ArgvInput), Object(Symfony\Component\Console\Output\ConsoleOutput))
#9 C:\wamp\www\Projets_MVC_Free_Ads\vendor\laravel\framework\src\Illuminate\Console\Command.php(101): Symfony\Component\Console\Command\Command->run(Object(Symfony\Component\Console\Input\ArgvInput), Object(Symfony\Component\Console\Output\ConsoleOutput))
#10 C:\wamp\www\Projets_MVC_Free_Ads\vendor\symfony\console\Symfony\Component\Console\Application.php(874): Illuminate\Console\Command->run(Object(Symfony\Component\Console\Input\ArgvInput), Object(Symfony\Component\Console\Output\ConsoleOutput))
#11 C:\wamp\www\Projets_MVC_Free_Ads\vendor\symfony\console\Symfony\Component\Console\Application.php(195): Symfony\Component\Console\Application->doRunCommand(Object(Illuminate\Database\Console\Migrations\MigrateCommand), Object(Symfony\Component\Console\Input\ArgvInput), Object(Symfony\Component\Console\Output\ConsoleOutput))
#12 C:\wamp\www\Projets_MVC_Free_Ads\vendor\symfony\console\Symfony\Component\Console\Application.php(126): Symfony\Component\Console\Application->doRun(Object(Symfony\Component\Console\Input\ArgvInput), Object(Symfony\Component\Console\Output\ConsoleOutput))
#13 C:\wamp\www\Projets_MVC_Free_Ads\vendor\laravel\framework\src\Illuminate\Foundation\Console\Kernel.php(90): Symfony\Component\Console\Application->run(Object(Symfony\Component\Console\Input\ArgvInput), Object(Symfony\Component\Console\Output\ConsoleOutput))
#14 C:\wamp\www\Projets_MVC_Free_Ads\artisan(36): Illuminate\Foundation\Console\Kernel->handle(Object(Symfony\Component\Console\Input\ArgvInput), Object(Symfony\Component\Console\Output\ConsoleOutput))
#15 {main}  
[2015-04-16 15:11:24] local.ERROR: exception 'Symfony\Component\Debug\Exception\FatalErrorException' with message 'Class 'Utilisateur' not found' in C:\wamp\www\Projets_MVC_Free_Ads\vendor\laravel\framework\src\Illuminate\Database\Migrations\Migrator.php:301
Stack trace:
#0 C:\wamp\www\Projets_MVC_Free_Ads\vendor\laravel\framework\src\Illuminate\Foundation\Bootstrap\HandleExceptions.php(131): Symfony\Component\Debug\Exception\FatalErrorException->__construct()
#1 C:\wamp\www\Projets_MVC_Free_Ads\vendor\laravel\framework\src\Illuminate\Foundation\Bootstrap\HandleExceptions.php(116): Illuminate\Foundation\Bootstrap\HandleExceptions->fatalExceptionFromError()
#2 C:\wamp\www\Projets_MVC_Free_Ads\vendor\laravel\framework\src\Illuminate\Foundation\Bootstrap\HandleExceptions.php(0): Illuminate\Foundation\Bootstrap\HandleExceptions->handleShutdown()
#3 C:\wamp\www\Projets_MVC_Free_Ads\vendor\laravel\framework\src\Illuminate\Database\Migrations\Migrator.php(128): Illuminate\Database\Migrations\Migrator->resolve()
#4 C:\wamp\www\Projets_MVC_Free_Ads\vendor\laravel\framework\src\Illuminate\Database\Migrations\Migrator.php(111): Illuminate\Database\Migrations\Migrator->runUp()
#5 C:\wamp\www\Projets_MVC_Free_Ads\vendor\laravel\framework\src\Illuminate\Database\Migrations\Migrator.php(82): Illuminate\Database\Migrations\Migrator->runMigrationList()
#6 C:\wamp\www\Projets_MVC_Free_Ads\vendor\laravel\framework\src\Illuminate\Database\Console\Migrations\MigrateCommand.php(73): Illuminate\Database\Migrations\Migrator->run()
#7 C:\wamp\www\Projets_MVC_Free_Ads\vendor\laravel\framework\src\Illuminate\Container\Container.php(523): Illuminate\Database\Console\Migrations\MigrateCommand->fire()
#8 C:\wamp\www\Projets_MVC_Free_Ads\vendor\laravel\framework\src\Illuminate\Container\Container.php(523): call_user_func_array:{C:\wamp\www\Projets_MVC_Free_Ads\vendor\laravel\framework\src\Illuminate\Container\Container.php:523}()
#9 C:\wamp\www\Projets_MVC_Free_Ads\vendor\laravel\framework\src\Illuminate\Console\Command.php(115): Illuminate\Container\Container->call()
#10 C:\wamp\www\Projets_MVC_Free_Ads\vendor\symfony\console\Symfony\Component\Console\Command\Command.php(257): Illuminate\Console\Command->execute()
#11 C:\wamp\www\Projets_MVC_Free_Ads\vendor\laravel\framework\src\Illuminate\Console\Command.php(101): Symfony\Component\Console\Command\Command->run()
#12 C:\wamp\www\Projets_MVC_Free_Ads\vendor\symfony\console\Symfony\Component\Console\Application.php(874): Illuminate\Console\Command->run()
#13 C:\wamp\www\Projets_MVC_Free_Ads\vendor\symfony\console\Symfony\Component\Console\Application.php(195): Symfony\Component\Console\Application->doRunCommand()
#14 C:\wamp\www\Projets_MVC_Free_Ads\vendor\symfony\console\Symfony\Component\Console\Application.php(126): Symfony\Component\Console\Application->doRun()
#15 C:\wamp\www\Projets_MVC_Free_Ads\vendor\laravel\framework\src\Illuminate\Foundation\Console\Kernel.php(90): Symfony\Component\Console\Application->run()
#16 C:\wamp\www\Projets_MVC_Free_Ads\artisan(36): Illuminate\Foundation\Console\Kernel->handle()
#17 C:\wamp\www\Projets_MVC_Free_Ads\artisan(0): {main}()
#18 {main}  
[2015-04-16 15:13:19] local.ERROR: exception 'Symfony\Component\Debug\Exception\FatalErrorException' with message 'Class 'Utilisateur' not found' in C:\wamp\www\Projets_MVC_Free_Ads\vendor\laravel\framework\src\Illuminate\Database\Migrations\Migrator.php:301
Stack trace:
#0 C:\wamp\www\Projets_MVC_Free_Ads\vendor\laravel\framework\src\Illuminate\Foundation\Bootstrap\HandleExceptions.php(131): Symfony\Component\Debug\Exception\FatalErrorException->__construct()
#1 C:\wamp\www\Projets_MVC_Free_Ads\vendor\laravel\framework\src\Illuminate\Foundation\Bootstrap\HandleExceptions.php(116): Illuminate\Foundation\Bootstrap\HandleExceptions->fatalExceptionFromError()
#2 C:\wamp\www\Projets_MVC_Free_Ads\vendor\laravel\framework\src\Illuminate\Foundation\Bootstrap\HandleExceptions.php(0): Illuminate\Foundation\Bootstrap\HandleExceptions->handleShutdown()
#3 C:\wamp\www\Projets_MVC_Free_Ads\vendor\laravel\framework\src\Illuminate\Database\Migrations\Migrator.php(128): Illuminate\Database\Migrations\Migrator->resolve()
#4 C:\wamp\www\Projets_MVC_Free_Ads\vendor\laravel\framework\src\Illuminate\Database\Migrations\Migrator.php(111): Illuminate\Database\Migrations\Migrator->runUp()
#5 C:\wamp\www\Projets_MVC_Free_Ads\vendor\laravel\framework\src\Illuminate\Database\Migrations\Migrator.php(82): Illuminate\Database\Migrations\Migrator->runMigrationList()
#6 C:\wamp\www\Projets_MVC_Free_Ads\vendor\laravel\framework\src\Illuminate\Database\Console\Migrations\MigrateCommand.php(73): Illuminate\Database\Migrations\Migrator->run()
#7 C:\wamp\www\Projets_MVC_Free_Ads\vendor\laravel\framework\src\Illuminate\Container\Container.php(523): Illuminate\Database\Console\Migrations\MigrateCommand->fire()
#8 C:\wamp\www\Projets_MVC_Free_Ads\vendor\laravel\framework\src\Illuminate\Container\Container.php(523): call_user_func_array:{C:\wamp\www\Projets_MVC_Free_Ads\vendor\laravel\framework\src\Illuminate\Container\Container.php:523}()
#9 C:\wamp\www\Projets_MVC_Free_Ads\vendor\laravel\framework\src\Illuminate\Console\Command.php(115): Illuminate\Container\Container->call()
#10 C:\wamp\www\Projets_MVC_Free_Ads\vendor\symfony\console\Symfony\Component\Console\Command\Command.php(257): Illuminate\Console\Command->execute()
#11 C:\wamp\www\Projets_MVC_Free_Ads\vendor\laravel\framework\src\Illuminate\Console\Command.php(101): Symfony\Component\Console\Command\Command->run()
#12 C:\wamp\www\Projets_MVC_Free_Ads\vendor\symfony\console\Symfony\Component\Console\Application.php(874): Illuminate\Console\Command->run()
#13 C:\wamp\www\Projets_MVC_Free_Ads\vendor\symfony\console\Symfony\Component\Console\Application.php(195): Symfony\Component\Console\Application->doRunCommand()
#14 C:\wamp\www\Projets_MVC_Free_Ads\vendor\symfony\console\Symfony\Component\Console\Application.php(126): Symfony\Component\Console\Application->doRun()
#15 C:\wamp\www\Projets_MVC_Free_Ads\vendor\laravel\framework\src\Illuminate\Foundation\Console\Kernel.php(90): Symfony\Component\Console\Application->run()
#16 C:\wamp\www\Projets_MVC_Free_Ads\artisan(36): Illuminate\Foundation\Console\Kernel->handle()
#17 C:\wamp\www\Projets_MVC_Free_Ads\artisan(0): {main}()
#18 {main}  
[2015-04-16 15:15:22] local.ERROR: exception 'Symfony\Component\Debug\Exception\FatalErrorException' with message 'Class 'Utilisateur' not found' in C:\wamp\www\Projets_MVC_Free_Ads\vendor\laravel\framework\src\Illuminate\Database\Migrations\Migrator.php:301
Stack trace:
#0 C:\wamp\www\Projets_MVC_Free_Ads\vendor\laravel\framework\src\Illuminate\Foundation\Bootstrap\HandleExceptions.php(131): Symfony\Component\Debug\Exception\FatalErrorException->__construct()
#1 C:\wamp\www\Projets_MVC_Free_Ads\vendor\laravel\framework\src\Illuminate\Foundation\Bootstrap\HandleExceptions.php(116): Illuminate\Foundation\Bootstrap\HandleExceptions->fatalExceptionFromError()
#2 C:\wamp\www\Projets_MVC_Free_Ads\vendor\laravel\framework\src\Illuminate\Foundation\Bootstrap\HandleExceptions.php(0): Illuminate\Foundation\Bootstrap\HandleExceptions->handleShutdown()
#3 C:\wamp\www\Projets_MVC_Free_Ads\vendor\laravel\framework\src\Illuminate\Database\Migrations\Migrator.php(128): Illuminate\Database\Migrations\Migrator->resolve()
#4 C:\wamp\www\Projets_MVC_Free_Ads\vendor\laravel\framework\src\Illuminate\Database\Migrations\Migrator.php(111): Illuminate\Database\Migrations\Migrator->runUp()
#5 C:\wamp\www\Projets_MVC_Free_Ads\vendor\laravel\framework\src\Illuminate\Database\Migrations\Migrator.php(82): Illuminate\Database\Migrations\Migrator->runMigrationList()
#6 C:\wamp\www\Projets_MVC_Free_Ads\vendor\laravel\framework\src\Illuminate\Database\Console\Migrations\MigrateCommand.php(73): Illuminate\Database\Migrations\Migrator->run()
#7 C:\wamp\www\Projets_MVC_Free_Ads\vendor\laravel\framework\src\Illuminate\Container\Container.php(523): Illuminate\Database\Console\Migrations\MigrateCommand->fire()
#8 C:\wamp\www\Projets_MVC_Free_Ads\vendor\laravel\framework\src\Illuminate\Container\Container.php(523): call_user_func_array:{C:\wamp\www\Projets_MVC_Free_Ads\vendor\laravel\framework\src\Illuminate\Container\Container.php:523}()
#9 C:\wamp\www\Projets_MVC_Free_Ads\vendor\laravel\framework\src\Illuminate\Console\Command.php(115): Illuminate\Container\Container->call()
#10 C:\wamp\www\Projets_MVC_Free_Ads\vendor\symfony\console\Symfony\Component\Console\Command\Command.php(257): Illuminate\Console\Command->execute()
#11 C:\wamp\www\Projets_MVC_Free_Ads\vendor\laravel\framework\src\Illuminate\Console\Command.php(101): Symfony\Component\Console\Command\Command->run()
#12 C:\wamp\www\Projets_MVC_Free_Ads\vendor\symfony\console\Symfony\Component\Console\Application.php(874): Illuminate\Console\Command->run()
#13 C:\wamp\www\Projets_MVC_Free_Ads\vendor\symfony\console\Symfony\Component\Console\Application.php(195): Symfony\Component\Console\Application->doRunCommand()
#14 C:\wamp\www\Projets_MVC_Free_Ads\vendor\symfony\console\Symfony\Component\Console\Application.php(126): Symfony\Component\Console\Application->doRun()
#15 C:\wamp\www\Projets_MVC_Free_Ads\vendor\laravel\framework\src\Illuminate\Foundation\Console\Kernel.php(90): Symfony\Component\Console\Application->run()
#16 C:\wamp\www\Projets_MVC_Free_Ads\artisan(36): Illuminate\Foundation\Console\Kernel->handle()
#17 C:\wamp\www\Projets_MVC_Free_Ads\artisan(0): {main}()
#18 {main}  
[2015-04-16 15:16:08] local.ERROR: exception 'Symfony\Component\Debug\Exception\FatalErrorException' with message 'Class 'Utilisateur' not found' in C:\wamp\www\Projets_MVC_Free_Ads\vendor\laravel\framework\src\Illuminate\Database\Migrations\Migrator.php:301
Stack trace:
#0 C:\wamp\www\Projets_MVC_Free_Ads\vendor\laravel\framework\src\Illuminate\Foundation\Bootstrap\HandleExceptions.php(131): Symfony\Component\Debug\Exception\FatalErrorException->__construct()
#1 C:\wamp\www\Projets_MVC_Free_Ads\vendor\laravel\framework\src\Illuminate\Foundation\Bootstrap\HandleExceptions.php(116): Illuminate\Foundation\Bootstrap\HandleExceptions->fatalExceptionFromError()
#2 C:\wamp\www\Projets_MVC_Free_Ads\vendor\laravel\framework\src\Illuminate\Foundation\Bootstrap\HandleExceptions.php(0): Illuminate\Foundation\Bootstrap\HandleExceptions->handleShutdown()
#3 C:\wamp\www\Projets_MVC_Free_Ads\vendor\laravel\framework\src\Illuminate\Database\Migrations\Migrator.php(128): Illuminate\Database\Migrations\Migrator->resolve()
#4 C:\wamp\www\Projets_MVC_Free_Ads\vendor\laravel\framework\src\Illuminate\Database\Migrations\Migrator.php(111): Illuminate\Database\Migrations\Migrator->runUp()
#5 C:\wamp\www\Projets_MVC_Free_Ads\vendor\laravel\framework\src\Illuminate\Database\Migrations\Migrator.php(82): Illuminate\Database\Migrations\Migrator->runMigrationList()
#6 C:\wamp\www\Projets_MVC_Free_Ads\vendor\laravel\framework\src\Illuminate\Database\Console\Migrations\MigrateCommand.php(73): Illuminate\Database\Migrations\Migrator->run()
#7 C:\wamp\www\Projets_MVC_Free_Ads\vendor\laravel\framework\src\Illuminate\Container\Container.php(523): Illuminate\Database\Console\Migrations\MigrateCommand->fire()
#8 C:\wamp\www\Projets_MVC_Free_Ads\vendor\laravel\framework\src\Illuminate\Container\Container.php(523): call_user_func_array:{C:\wamp\www\Projets_MVC_Free_Ads\vendor\laravel\framework\src\Illuminate\Container\Container.php:523}()
#9 C:\wamp\www\Projets_MVC_Free_Ads\vendor\laravel\framework\src\Illuminate\Console\Command.php(115): Illuminate\Container\Container->call()
#10 C:\wamp\www\Projets_MVC_Free_Ads\vendor\symfony\console\Symfony\Component\Console\Command\Command.php(257): Illuminate\Console\Command->execute()
#11 C:\wamp\www\Projets_MVC_Free_Ads\vendor\laravel\framework\src\Illuminate\Console\Command.php(101): Symfony\Component\Console\Command\Command->run()
#12 C:\wamp\www\Projets_MVC_Free_Ads\vendor\symfony\console\Symfony\Component\Console\Application.php(874): Illuminate\Console\Command->run()
#13 C:\wamp\www\Projets_MVC_Free_Ads\vendor\symfony\console\Symfony\Component\Console\Application.php(195): Symfony\Component\Console\Application->doRunCommand()
#14 C:\wamp\www\Projets_MVC_Free_Ads\vendor\symfony\console\Symfony\Component\Console\Application.php(126): Symfony\Component\Console\Application->doRun()
#15 C:\wamp\www\Projets_MVC_Free_Ads\vendor\laravel\framework\src\Illuminate\Foundation\Console\Kernel.php(90): Symfony\Component\Console\Application->run()
#16 C:\wamp\www\Projets_MVC_Free_Ads\artisan(36): Illuminate\Foundation\Console\Kernel->handle()
#17 C:\wamp\www\Projets_MVC_Free_Ads\artisan(0): {main}()
#18 {main}  
[2015-04-16 15:16:29] local.ERROR: exception 'Symfony\Component\Debug\Exception\FatalErrorException' with message 'Class 'Utilisateur' not found' in C:\wamp\www\Projets_MVC_Free_Ads\vendor\laravel\framework\src\Illuminate\Database\Migrations\Migrator.php:301
Stack trace:
#0 C:\wamp\www\Projets_MVC_Free_Ads\vendor\laravel\framework\src\Illuminate\Foundation\Bootstrap\HandleExceptions.php(131): Symfony\Component\Debug\Exception\FatalErrorException->__construct()
#1 C:\wamp\www\Projets_MVC_Free_Ads\vendor\laravel\framework\src\Illuminate\Foundation\Bootstrap\HandleExceptions.php(116): Illuminate\Foundation\Bootstrap\HandleExceptions->fatalExceptionFromError()
#2 C:\wamp\www\Projets_MVC_Free_Ads\vendor\laravel\framework\src\Illuminate\Foundation\Bootstrap\HandleExceptions.php(0): Illuminate\Foundation\Bootstrap\HandleExceptions->handleShutdown()
#3 C:\wamp\www\Projets_MVC_Free_Ads\vendor\laravel\framework\src\Illuminate\Database\Migrations\Migrator.php(128): Illuminate\Database\Migrations\Migrator->resolve()
#4 C:\wamp\www\Projets_MVC_Free_Ads\vendor\laravel\framework\src\Illuminate\Database\Migrations\Migrator.php(111): Illuminate\Database\Migrations\Migrator->runUp()
#5 C:\wamp\www\Projets_MVC_Free_Ads\vendor\laravel\framework\src\Illuminate\Database\Migrations\Migrator.php(82): Illuminate\Database\Migrations\Migrator->runMigrationList()
#6 C:\wamp\www\Projets_MVC_Free_Ads\vendor\laravel\framework\src\Illuminate\Database\Console\Migrations\MigrateCommand.php(73): Illuminate\Database\Migrations\Migrator->run()
#7 C:\wamp\www\Projets_MVC_Free_Ads\vendor\laravel\framework\src\Illuminate\Container\Container.php(523): Illuminate\Database\Console\Migrations\MigrateCommand->fire()
#8 C:\wamp\www\Projets_MVC_Free_Ads\vendor\laravel\framework\src\Illuminate\Container\Container.php(523): call_user_func_array:{C:\wamp\www\Projets_MVC_Free_Ads\vendor\laravel\framework\src\Illuminate\Container\Container.php:523}()
#9 C:\wamp\www\Projets_MVC_Free_Ads\vendor\laravel\framework\src\Illuminate\Console\Command.php(115): Illuminate\Container\Container->call()
#10 C:\wamp\www\Projets_MVC_Free_Ads\vendor\symfony\console\Symfony\Component\Console\Command\Command.php(257): Illuminate\Console\Command->execute()
#11 C:\wamp\www\Projets_MVC_Free_Ads\vendor\laravel\framework\src\Illuminate\Console\Command.php(101): Symfony\Component\Console\Command\Command->run()
#12 C:\wamp\www\Projets_MVC_Free_Ads\vendor\symfony\console\Symfony\Component\Console\Application.php(874): Illuminate\Console\Command->run()
#13 C:\wamp\www\Projets_MVC_Free_Ads\vendor\symfony\console\Symfony\Component\Console\Application.php(195): Symfony\Component\Console\Application->doRunCommand()
#14 C:\wamp\www\Projets_MVC_Free_Ads\vendor\symfony\console\Symfony\Component\Console\Application.php(126): Symfony\Component\Console\Application->doRun()
#15 C:\wamp\www\Projets_MVC_Free_Ads\vendor\laravel\framework\src\Illuminate\Foundation\Console\Kernel.php(90): Symfony\Component\Console\Application->run()
#16 C:\wamp\www\Projets_MVC_Free_Ads\artisan(36): Illuminate\Foundation\Console\Kernel->handle()
#17 C:\wamp\www\Projets_MVC_Free_Ads\artisan(0): {main}()
#18 {main}  
[2015-04-16 15:16:31] local.ERROR: exception 'Symfony\Component\Debug\Exception\FatalErrorException' with message 'Class 'Utilisateur' not found' in C:\wamp\www\Projets_MVC_Free_Ads\vendor\laravel\framework\src\Illuminate\Database\Migrations\Migrator.php:301
Stack trace:
#0 C:\wamp\www\Projets_MVC_Free_Ads\vendor\laravel\framework\src\Illuminate\Foundation\Bootstrap\HandleExceptions.php(131): Symfony\Component\Debug\Exception\FatalErrorException->__construct()
#1 C:\wamp\www\Projets_MVC_Free_Ads\vendor\laravel\framework\src\Illuminate\Foundation\Bootstrap\HandleExceptions.php(116): Illuminate\Foundation\Bootstrap\HandleExceptions->fatalExceptionFromError()
#2 C:\wamp\www\Projets_MVC_Free_Ads\vendor\laravel\framework\src\Illuminate\Foundation\Bootstrap\HandleExceptions.php(0): Illuminate\Foundation\Bootstrap\HandleExceptions->handleShutdown()
#3 C:\wamp\www\Projets_MVC_Free_Ads\vendor\laravel\framework\src\Illuminate\Database\Migrations\Migrator.php(128): Illuminate\Database\Migrations\Migrator->resolve()
#4 C:\wamp\www\Projets_MVC_Free_Ads\vendor\laravel\framework\src\Illuminate\Database\Migrations\Migrator.php(111): Illuminate\Database\Migrations\Migrator->runUp()
#5 C:\wamp\www\Projets_MVC_Free_Ads\vendor\laravel\framework\src\Illuminate\Database\Migrations\Migrator.php(82): Illuminate\Database\Migrations\Migrator->runMigrationList()
#6 C:\wamp\www\Projets_MVC_Free_Ads\vendor\laravel\framework\src\Illuminate\Database\Console\Migrations\MigrateCommand.php(73): Illuminate\Database\Migrations\Migrator->run()
#7 C:\wamp\www\Projets_MVC_Free_Ads\vendor\laravel\framework\src\Illuminate\Container\Container.php(523): Illuminate\Database\Console\Migrations\MigrateCommand->fire()
#8 C:\wamp\www\Projets_MVC_Free_Ads\vendor\laravel\framework\src\Illuminate\Container\Container.php(523): call_user_func_array:{C:\wamp\www\Projets_MVC_Free_Ads\vendor\laravel\framework\src\Illuminate\Container\Container.php:523}()
#9 C:\wamp\www\Projets_MVC_Free_Ads\vendor\laravel\framework\src\Illuminate\Console\Command.php(115): Illuminate\Container\Container->call()
#10 C:\wamp\www\Projets_MVC_Free_Ads\vendor\symfony\console\Symfony\Component\Console\Command\Command.php(257): Illuminate\Console\Command->execute()
#11 C:\wamp\www\Projets_MVC_Free_Ads\vendor\laravel\framework\src\Illuminate\Console\Command.php(101): Symfony\Component\Console\Command\Command->run()
#12 C:\wamp\www\Projets_MVC_Free_Ads\vendor\symfony\console\Symfony\Component\Console\Application.php(874): Illuminate\Console\Command->run()
#13 C:\wamp\www\Projets_MVC_Free_Ads\vendor\symfony\console\Symfony\Component\Console\Application.php(195): Symfony\Component\Console\Application->doRunCommand()
#14 C:\wamp\www\Projets_MVC_Free_Ads\vendor\symfony\console\Symfony\Component\Console\Application.php(126): Symfony\Component\Console\Application->doRun()
#15 C:\wamp\www\Projets_MVC_Free_Ads\vendor\laravel\framework\src\Illuminate\Foundation\Console\Kernel.php(90): Symfony\Component\Console\Application->run()
#16 C:\wamp\www\Projets_MVC_Free_Ads\artisan(36): Illuminate\Foundation\Console\Kernel->handle()
#17 C:\wamp\www\Projets_MVC_Free_Ads\artisan(0): {main}()
#18 {main}  
[2015-04-16 15:16:37] local.ERROR: exception 'Symfony\Component\Debug\Exception\FatalErrorException' with message 'Class 'Utilisateur' not found' in C:\wamp\www\Projets_MVC_Free_Ads\vendor\laravel\framework\src\Illuminate\Database\Migrations\Migrator.php:301
Stack trace:
#0 C:\wamp\www\Projets_MVC_Free_Ads\vendor\laravel\framework\src\Illuminate\Foundation\Bootstrap\HandleExceptions.php(131): Symfony\Component\Debug\Exception\FatalErrorException->__construct()
#1 C:\wamp\www\Projets_MVC_Free_Ads\vendor\laravel\framework\src\Illuminate\Foundation\Bootstrap\HandleExceptions.php(116): Illuminate\Foundation\Bootstrap\HandleExceptions->fatalExceptionFromError()
#2 C:\wamp\www\Projets_MVC_Free_Ads\vendor\laravel\framework\src\Illuminate\Foundation\Bootstrap\HandleExceptions.php(0): Illuminate\Foundation\Bootstrap\HandleExceptions->handleShutdown()
#3 C:\wamp\www\Projets_MVC_Free_Ads\vendor\laravel\framework\src\Illuminate\Database\Migrations\Migrator.php(128): Illuminate\Database\Migrations\Migrator->resolve()
#4 C:\wamp\www\Projets_MVC_Free_Ads\vendor\laravel\framework\src\Illuminate\Database\Migrations\Migrator.php(111): Illuminate\Database\Migrations\Migrator->runUp()
#5 C:\wamp\www\Projets_MVC_Free_Ads\vendor\laravel\framework\src\Illuminate\Database\Migrations\Migrator.php(82): Illuminate\Database\Migrations\Migrator->runMigrationList()
#6 C:\wamp\www\Projets_MVC_Free_Ads\vendor\laravel\framework\src\Illuminate\Database\Console\Migrations\MigrateCommand.php(73): Illuminate\Database\Migrations\Migrator->run()
#7 C:\wamp\www\Projets_MVC_Free_Ads\vendor\laravel\framework\src\Illuminate\Container\Container.php(523): Illuminate\Database\Console\Migrations\MigrateCommand->fire()
#8 C:\wamp\www\Projets_MVC_Free_Ads\vendor\laravel\framework\src\Illuminate\Container\Container.php(523): call_user_func_array:{C:\wamp\www\Projets_MVC_Free_Ads\vendor\laravel\framework\src\Illuminate\Container\Container.php:523}()
#9 C:\wamp\www\Projets_MVC_Free_Ads\vendor\laravel\framework\src\Illuminate\Console\Command.php(115): Illuminate\Container\Container->call()
#10 C:\wamp\www\Projets_MVC_Free_Ads\vendor\symfony\console\Symfony\Component\Console\Command\Command.php(257): Illuminate\Console\Command->execute()
#11 C:\wamp\www\Projets_MVC_Free_Ads\vendor\laravel\framework\src\Illuminate\Console\Command.php(101): Symfony\Component\Console\Command\Command->run()
#12 C:\wamp\www\Projets_MVC_Free_Ads\vendor\symfony\console\Symfony\Component\Console\Application.php(874): Illuminate\Console\Command->run()
#13 C:\wamp\www\Projets_MVC_Free_Ads\vendor\symfony\console\Symfony\Component\Console\Application.php(195): Symfony\Component\Console\Application->doRunCommand()
#14 C:\wamp\www\Projets_MVC_Free_Ads\vendor\symfony\console\Symfony\Component\Console\Application.php(126): Symfony\Component\Console\Application->doRun()
#15 C:\wamp\www\Projets_MVC_Free_Ads\vendor\laravel\framework\src\Illuminate\Foundation\Console\Kernel.php(90): Symfony\Component\Console\Application->run()
#16 C:\wamp\www\Projets_MVC_Free_Ads\artisan(36): Illuminate\Foundation\Console\Kernel->handle()
#17 C:\wamp\www\Projets_MVC_Free_Ads\artisan(0): {main}()
#18 {main}  
[2015-04-16 15:16:38] local.ERROR: exception 'Symfony\Component\Debug\Exception\FatalErrorException' with message 'Class 'Utilisateur' not found' in C:\wamp\www\Projets_MVC_Free_Ads\vendor\laravel\framework\src\Illuminate\Database\Migrations\Migrator.php:301
Stack trace:
#0 C:\wamp\www\Projets_MVC_Free_Ads\vendor\laravel\framework\src\Illuminate\Foundation\Bootstrap\HandleExceptions.php(131): Symfony\Component\Debug\Exception\FatalErrorException->__construct()
#1 C:\wamp\www\Projets_MVC_Free_Ads\vendor\laravel\framework\src\Illuminate\Foundation\Bootstrap\HandleExceptions.php(116): Illuminate\Foundation\Bootstrap\HandleExceptions->fatalExceptionFromError()
#2 C:\wamp\www\Projets_MVC_Free_Ads\vendor\laravel\framework\src\Illuminate\Foundation\Bootstrap\HandleExceptions.php(0): Illuminate\Foundation\Bootstrap\HandleExceptions->handleShutdown()
#3 C:\wamp\www\Projets_MVC_Free_Ads\vendor\laravel\framework\src\Illuminate\Database\Migrations\Migrator.php(128): Illuminate\Database\Migrations\Migrator->resolve()
#4 C:\wamp\www\Projets_MVC_Free_Ads\vendor\laravel\framework\src\Illuminate\Database\Migrations\Migrator.php(111): Illuminate\Database\Migrations\Migrator->runUp()
#5 C:\wamp\www\Projets_MVC_Free_Ads\vendor\laravel\framework\src\Illuminate\Database\Migrations\Migrator.php(82): Illuminate\Database\Migrations\Migrator->runMigrationList()
#6 C:\wamp\www\Projets_MVC_Free_Ads\vendor\laravel\framework\src\Illuminate\Database\Console\Migrations\MigrateCommand.php(73): Illuminate\Database\Migrations\Migrator->run()
#7 C:\wamp\www\Projets_MVC_Free_Ads\vendor\laravel\framework\src\Illuminate\Container\Container.php(523): Illuminate\Database\Console\Migrations\MigrateCommand->fire()
#8 C:\wamp\www\Projets_MVC_Free_Ads\vendor\laravel\framework\src\Illuminate\Container\Container.php(523): call_user_func_array:{C:\wamp\www\Projets_MVC_Free_Ads\vendor\laravel\framework\src\Illuminate\Container\Container.php:523}()
#9 C:\wamp\www\Projets_MVC_Free_Ads\vendor\laravel\framework\src\Illuminate\Console\Command.php(115): Illuminate\Container\Container->call()
#10 C:\wamp\www\Projets_MVC_Free_Ads\vendor\symfony\console\Symfony\Component\Console\Command\Command.php(257): Illuminate\Console\Command->execute()
#11 C:\wamp\www\Projets_MVC_Free_Ads\vendor\laravel\framework\src\Illuminate\Console\Command.php(101): Symfony\Component\Console\Command\Command->run()
#12 C:\wamp\www\Projets_MVC_Free_Ads\vendor\symfony\console\Symfony\Component\Console\Application.php(874): Illuminate\Console\Command->run()
#13 C:\wamp\www\Projets_MVC_Free_Ads\vendor\symfony\console\Symfony\Component\Console\Application.php(195): Symfony\Component\Console\Application->doRunCommand()
#14 C:\wamp\www\Projets_MVC_Free_Ads\vendor\symfony\console\Symfony\Component\Console\Application.php(126): Symfony\Component\Console\Application->doRun()
#15 C:\wamp\www\Projets_MVC_Free_Ads\vendor\laravel\framework\src\Illuminate\Foundation\Console\Kernel.php(90): Symfony\Component\Console\Application->run()
#16 C:\wamp\www\Projets_MVC_Free_Ads\artisan(36): Illuminate\Foundation\Console\Kernel->handle()
#17 C:\wamp\www\Projets_MVC_Free_Ads\artisan(0): {main}()
#18 {main}  
[2015-04-16 15:16:42] local.ERROR: exception 'Symfony\Component\Debug\Exception\FatalErrorException' with message 'Class 'Utilisateur' not found' in C:\wamp\www\Projets_MVC_Free_Ads\vendor\laravel\framework\src\Illuminate\Database\Migrations\Migrator.php:301
Stack trace:
#0 C:\wamp\www\Projets_MVC_Free_Ads\vendor\laravel\framework\src\Illuminate\Foundation\Bootstrap\HandleExceptions.php(131): Symfony\Component\Debug\Exception\FatalErrorException->__construct()
#1 C:\wamp\www\Projets_MVC_Free_Ads\vendor\laravel\framework\src\Illuminate\Foundation\Bootstrap\HandleExceptions.php(116): Illuminate\Foundation\Bootstrap\HandleExceptions->fatalExceptionFromError()
#2 C:\wamp\www\Projets_MVC_Free_Ads\vendor\laravel\framework\src\Illuminate\Foundation\Bootstrap\HandleExceptions.php(0): Illuminate\Foundation\Bootstrap\HandleExceptions->handleShutdown()
#3 C:\wamp\www\Projets_MVC_Free_Ads\vendor\laravel\framework\src\Illuminate\Database\Migrations\Migrator.php(128): Illuminate\Database\Migrations\Migrator->resolve()
#4 C:\wamp\www\Projets_MVC_Free_Ads\vendor\laravel\framework\src\Illuminate\Database\Migrations\Migrator.php(111): Illuminate\Database\Migrations\Migrator->runUp()
#5 C:\wamp\www\Projets_MVC_Free_Ads\vendor\laravel\framework\src\Illuminate\Database\Migrations\Migrator.php(82): Illuminate\Database\Migrations\Migrator->runMigrationList()
#6 C:\wamp\www\Projets_MVC_Free_Ads\vendor\laravel\framework\src\Illuminate\Database\Console\Migrations\MigrateCommand.php(73): Illuminate\Database\Migrations\Migrator->run()
#7 C:\wamp\www\Projets_MVC_Free_Ads\vendor\laravel\framework\src\Illuminate\Container\Container.php(523): Illuminate\Database\Console\Migrations\MigrateCommand->fire()
#8 C:\wamp\www\Projets_MVC_Free_Ads\vendor\laravel\framework\src\Illuminate\Container\Container.php(523): call_user_func_array:{C:\wamp\www\Projets_MVC_Free_Ads\vendor\laravel\framework\src\Illuminate\Container\Container.php:523}()
#9 C:\wamp\www\Projets_MVC_Free_Ads\vendor\laravel\framework\src\Illuminate\Console\Command.php(115): Illuminate\Container\Container->call()
#10 C:\wamp\www\Projets_MVC_Free_Ads\vendor\symfony\console\Symfony\Component\Console\Command\Command.php(257): Illuminate\Console\Command->execute()
#11 C:\wamp\www\Projets_MVC_Free_Ads\vendor\laravel\framework\src\Illuminate\Console\Command.php(101): Symfony\Component\Console\Command\Command->run()
#12 C:\wamp\www\Projets_MVC_Free_Ads\vendor\symfony\console\Symfony\Component\Console\Application.php(874): Illuminate\Console\Command->run()
#13 C:\wamp\www\Projets_MVC_Free_Ads\vendor\symfony\console\Symfony\Component\Console\Application.php(195): Symfony\Component\Console\Application->doRunCommand()
#14 C:\wamp\www\Projets_MVC_Free_Ads\vendor\symfony\console\Symfony\Component\Console\Application.php(126): Symfony\Component\Console\Application->doRun()
#15 C:\wamp\www\Projets_MVC_Free_Ads\vendor\laravel\framework\src\Illuminate\Foundation\Console\Kernel.php(90): Symfony\Component\Console\Application->run()
#16 C:\wamp\www\Projets_MVC_Free_Ads\artisan(36): Illuminate\Foundation\Console\Kernel->handle()
#17 C:\wamp\www\Projets_MVC_Free_Ads\artisan(0): {main}()
#18 {main}  
[2015-04-16 15:16:44] local.ERROR: exception 'Symfony\Component\Debug\Exception\FatalErrorException' with message 'Class 'Utilisateur' not found' in C:\wamp\www\Projets_MVC_Free_Ads\vendor\laravel\framework\src\Illuminate\Database\Migrations\Migrator.php:301
Stack trace:
#0 C:\wamp\www\Projets_MVC_Free_Ads\vendor\laravel\framework\src\Illuminate\Foundation\Bootstrap\HandleExceptions.php(131): Symfony\Component\Debug\Exception\FatalErrorException->__construct()
#1 C:\wamp\www\Projets_MVC_Free_Ads\vendor\laravel\framework\src\Illuminate\Foundation\Bootstrap\HandleExceptions.php(116): Illuminate\Foundation\Bootstrap\HandleExceptions->fatalExceptionFromError()
#2 C:\wamp\www\Projets_MVC_Free_Ads\vendor\laravel\framework\src\Illuminate\Foundation\Bootstrap\HandleExceptions.php(0): Illuminate\Foundation\Bootstrap\HandleExceptions->handleShutdown()
#3 C:\wamp\www\Projets_MVC_Free_Ads\vendor\laravel\framework\src\Illuminate\Database\Migrations\Migrator.php(128): Illuminate\Database\Migrations\Migrator->resolve()
#4 C:\wamp\www\Projets_MVC_Free_Ads\vendor\laravel\framework\src\Illuminate\Database\Migrations\Migrator.php(111): Illuminate\Database\Migrations\Migrator->runUp()
#5 C:\wamp\www\Projets_MVC_Free_Ads\vendor\laravel\framework\src\Illuminate\Database\Migrations\Migrator.php(82): Illuminate\Database\Migrations\Migrator->runMigrationList()
#6 C:\wamp\www\Projets_MVC_Free_Ads\vendor\laravel\framework\src\Illuminate\Database\Console\Migrations\MigrateCommand.php(73): Illuminate\Database\Migrations\Migrator->run()
#7 C:\wamp\www\Projets_MVC_Free_Ads\vendor\laravel\framework\src\Illuminate\Container\Container.php(523): Illuminate\Database\Console\Migrations\MigrateCommand->fire()
#8 C:\wamp\www\Projets_MVC_Free_Ads\vendor\laravel\framework\src\Illuminate\Container\Container.php(523): call_user_func_array:{C:\wamp\www\Projets_MVC_Free_Ads\vendor\laravel\framework\src\Illuminate\Container\Container.php:523}()
#9 C:\wamp\www\Projets_MVC_Free_Ads\vendor\laravel\framework\src\Illuminate\Console\Command.php(115): Illuminate\Container\Container->call()
#10 C:\wamp\www\Projets_MVC_Free_Ads\vendor\symfony\console\Symfony\Component\Console\Command\Command.php(257): Illuminate\Console\Command->execute()
#11 C:\wamp\www\Projets_MVC_Free_Ads\vendor\laravel\framework\src\Illuminate\Console\Command.php(101): Symfony\Component\Console\Command\Command->run()
#12 C:\wamp\www\Projets_MVC_Free_Ads\vendor\symfony\console\Symfony\Component\Console\Application.php(874): Illuminate\Console\Command->run()
#13 C:\wamp\www\Projets_MVC_Free_Ads\vendor\symfony\console\Symfony\Component\Console\Application.php(195): Symfony\Component\Console\Application->doRunCommand()
#14 C:\wamp\www\Projets_MVC_Free_Ads\vendor\symfony\console\Symfony\Component\Console\Application.php(126): Symfony\Component\Console\Application->doRun()
#15 C:\wamp\www\Projets_MVC_Free_Ads\vendor\laravel\framework\src\Illuminate\Foundation\Console\Kernel.php(90): Symfony\Component\Console\Application->run()
#16 C:\wamp\www\Projets_MVC_Free_Ads\artisan(36): Illuminate\Foundation\Console\Kernel->handle()
#17 C:\wamp\www\Projets_MVC_Free_Ads\artisan(0): {main}()
#18 {main}  
[2015-04-16 15:17:27] local.ERROR: exception 'Symfony\Component\Debug\Exception\FatalErrorException' with message 'Class 'Utilisateur' not found' in C:\wamp\www\Projets_MVC_Free_Ads\vendor\laravel\framework\src\Illuminate\Database\Migrations\Migrator.php:301
Stack trace:
#0 C:\wamp\www\Projets_MVC_Free_Ads\vendor\laravel\framework\src\Illuminate\Foundation\Bootstrap\HandleExceptions.php(131): Symfony\Component\Debug\Exception\FatalErrorException->__construct()
#1 C:\wamp\www\Projets_MVC_Free_Ads\vendor\laravel\framework\src\Illuminate\Foundation\Bootstrap\HandleExceptions.php(116): Illuminate\Foundation\Bootstrap\HandleExceptions->fatalExceptionFromError()
#2 C:\wamp\www\Projets_MVC_Free_Ads\vendor\laravel\framework\src\Illuminate\Foundation\Bootstrap\HandleExceptions.php(0): Illuminate\Foundation\Bootstrap\HandleExceptions->handleShutdown()
#3 C:\wamp\www\Projets_MVC_Free_Ads\vendor\laravel\framework\src\Illuminate\Database\Migrations\Migrator.php(128): Illuminate\Database\Migrations\Migrator->resolve()
#4 C:\wamp\www\Projets_MVC_Free_Ads\vendor\laravel\framework\src\Illuminate\Database\Migrations\Migrator.php(111): Illuminate\Database\Migrations\Migrator->runUp()
#5 C:\wamp\www\Projets_MVC_Free_Ads\vendor\laravel\framework\src\Illuminate\Database\Migrations\Migrator.php(82): Illuminate\Database\Migrations\Migrator->runMigrationList()
#6 C:\wamp\www\Projets_MVC_Free_Ads\vendor\laravel\framework\src\Illuminate\Database\Console\Migrations\MigrateCommand.php(73): Illuminate\Database\Migrations\Migrator->run()
#7 C:\wamp\www\Projets_MVC_Free_Ads\vendor\laravel\framework\src\Illuminate\Container\Container.php(523): Illuminate\Database\Console\Migrations\MigrateCommand->fire()
#8 C:\wamp\www\Projets_MVC_Free_Ads\vendor\laravel\framework\src\Illuminate\Container\Container.php(523): call_user_func_array:{C:\wamp\www\Projets_MVC_Free_Ads\vendor\laravel\framework\src\Illuminate\Container\Container.php:523}()
#9 C:\wamp\www\Projets_MVC_Free_Ads\vendor\laravel\framework\src\Illuminate\Console\Command.php(115): Illuminate\Container\Container->call()
#10 C:\wamp\www\Projets_MVC_Free_Ads\vendor\symfony\console\Symfony\Component\Console\Command\Command.php(257): Illuminate\Console\Command->execute()
#11 C:\wamp\www\Projets_MVC_Free_Ads\vendor\laravel\framework\src\Illuminate\Console\Command.php(101): Symfony\Component\Console\Command\Command->run()
#12 C:\wamp\www\Projets_MVC_Free_Ads\vendor\symfony\console\Symfony\Component\Console\Application.php(874): Illuminate\Console\Command->run()
#13 C:\wamp\www\Projets_MVC_Free_Ads\vendor\symfony\console\Symfony\Component\Console\Application.php(195): Symfony\Component\Console\Application->doRunCommand()
#14 C:\wamp\www\Projets_MVC_Free_Ads\vendor\symfony\console\Symfony\Component\Console\Application.php(126): Symfony\Component\Console\Application->doRun()
#15 C:\wamp\www\Projets_MVC_Free_Ads\vendor\laravel\framework\src\Illuminate\Foundation\Console\Kernel.php(90): Symfony\Component\Console\Application->run()
#16 C:\wamp\www\Projets_MVC_Free_Ads\artisan(36): Illuminate\Foundation\Console\Kernel->handle()
#17 C:\wamp\www\Projets_MVC_Free_Ads\artisan(0): {main}()
#18 {main}  
[2015-04-16 15:18:51] local.ERROR: exception 'Symfony\Component\Debug\Exception\FatalErrorException' with message 'Class 'Utilisateur' not found' in C:\wamp\www\Projets_MVC_Free_Ads\vendor\laravel\framework\src\Illuminate\Database\Migrations\Migrator.php:301
Stack trace:
#0 C:\wamp\www\Projets_MVC_Free_Ads\vendor\laravel\framework\src\Illuminate\Foundation\Bootstrap\HandleExceptions.php(131): Symfony\Component\Debug\Exception\FatalErrorException->__construct()
#1 C:\wamp\www\Projets_MVC_Free_Ads\vendor\laravel\framework\src\Illuminate\Foundation\Bootstrap\HandleExceptions.php(116): Illuminate\Foundation\Bootstrap\HandleExceptions->fatalExceptionFromError()
#2 C:\wamp\www\Projets_MVC_Free_Ads\vendor\laravel\framework\src\Illuminate\Foundation\Bootstrap\HandleExceptions.php(0): Illuminate\Foundation\Bootstrap\HandleExceptions->handleShutdown()
#3 C:\wamp\www\Projets_MVC_Free_Ads\vendor\laravel\framework\src\Illuminate\Database\Migrations\Migrator.php(128): Illuminate\Database\Migrations\Migrator->resolve()
#4 C:\wamp\www\Projets_MVC_Free_Ads\vendor\laravel\framework\src\Illuminate\Database\Migrations\Migrator.php(111): Illuminate\Database\Migrations\Migrator->runUp()
#5 C:\wamp\www\Projets_MVC_Free_Ads\vendor\laravel\framework\src\Illuminate\Database\Migrations\Migrator.php(82): Illuminate\Database\Migrations\Migrator->runMigrationList()
#6 C:\wamp\www\Projets_MVC_Free_Ads\vendor\laravel\framework\src\Illuminate\Database\Console\Migrations\MigrateCommand.php(73): Illuminate\Database\Migrations\Migrator->run()
#7 C:\wamp\www\Projets_MVC_Free_Ads\vendor\laravel\framework\src\Illuminate\Container\Container.php(523): Illuminate\Database\Console\Migrations\MigrateCommand->fire()
#8 C:\wamp\www\Projets_MVC_Free_Ads\vendor\laravel\framework\src\Illuminate\Container\Container.php(523): call_user_func_array:{C:\wamp\www\Projets_MVC_Free_Ads\vendor\laravel\framework\src\Illuminate\Container\Container.php:523}()
#9 C:\wamp\www\Projets_MVC_Free_Ads\vendor\laravel\framework\src\Illuminate\Console\Command.php(115): Illuminate\Container\Container->call()
#10 C:\wamp\www\Projets_MVC_Free_Ads\vendor\symfony\console\Symfony\Component\Console\Command\Command.php(257): Illuminate\Console\Command->execute()
#11 C:\wamp\www\Projets_MVC_Free_Ads\vendor\laravel\framework\src\Illuminate\Console\Command.php(101): Symfony\Component\Console\Command\Command->run()
#12 C:\wamp\www\Projets_MVC_Free_Ads\vendor\symfony\console\Symfony\Component\Console\Application.php(874): Illuminate\Console\Command->run()
#13 C:\wamp\www\Projets_MVC_Free_Ads\vendor\symfony\console\Symfony\Component\Console\Application.php(195): Symfony\Component\Console\Application->doRunCommand()
#14 C:\wamp\www\Projets_MVC_Free_Ads\vendor\symfony\console\Symfony\Component\Console\Application.php(126): Symfony\Component\Console\Application->doRun()
#15 C:\wamp\www\Projets_MVC_Free_Ads\vendor\laravel\framework\src\Illuminate\Foundation\Console\Kernel.php(90): Symfony\Component\Console\Application->run()
#16 C:\wamp\www\Projets_MVC_Free_Ads\artisan(36): Illuminate\Foundation\Console\Kernel->handle()
#17 C:\wamp\www\Projets_MVC_Free_Ads\artisan(0): {main}()
#18 {main}  
[2015-04-16 15:19:05] local.ERROR: exception 'Symfony\Component\Debug\Exception\FatalErrorException' with message 'Class 'Utilisateur' not found' in C:\wamp\www\Projets_MVC_Free_Ads\vendor\laravel\framework\src\Illuminate\Database\Migrations\Migrator.php:301
Stack trace:
#0 C:\wamp\www\Projets_MVC_Free_Ads\vendor\laravel\framework\src\Illuminate\Foundation\Bootstrap\HandleExceptions.php(131): Symfony\Component\Debug\Exception\FatalErrorException->__construct()
#1 C:\wamp\www\Projets_MVC_Free_Ads\vendor\laravel\framework\src\Illuminate\Foundation\Bootstrap\HandleExceptions.php(116): Illuminate\Foundation\Bootstrap\HandleExceptions->fatalExceptionFromError()
#2 C:\wamp\www\Projets_MVC_Free_Ads\vendor\laravel\framework\src\Illuminate\Foundation\Bootstrap\HandleExceptions.php(0): Illuminate\Foundation\Bootstrap\HandleExceptions->handleShutdown()
#3 C:\wamp\www\Projets_MVC_Free_Ads\vendor\laravel\framework\src\Illuminate\Database\Migrations\Migrator.php(128): Illuminate\Database\Migrations\Migrator->resolve()
#4 C:\wamp\www\Projets_MVC_Free_Ads\vendor\laravel\framework\src\Illuminate\Database\Migrations\Migrator.php(111): Illuminate\Database\Migrations\Migrator->runUp()
#5 C:\wamp\www\Projets_MVC_Free_Ads\vendor\laravel\framework\src\Illuminate\Database\Migrations\Migrator.php(82): Illuminate\Database\Migrations\Migrator->runMigrationList()
#6 C:\wamp\www\Projets_MVC_Free_Ads\vendor\laravel\framework\src\Illuminate\Database\Console\Migrations\MigrateCommand.php(73): Illuminate\Database\Migrations\Migrator->run()
#7 C:\wamp\www\Projets_MVC_Free_Ads\vendor\laravel\framework\src\Illuminate\Container\Container.php(523): Illuminate\Database\Console\Migrations\MigrateCommand->fire()
#8 C:\wamp\www\Projets_MVC_Free_Ads\vendor\laravel\framework\src\Illuminate\Container\Container.php(523): call_user_func_array:{C:\wamp\www\Projets_MVC_Free_Ads\vendor\laravel\framework\src\Illuminate\Container\Container.php:523}()
#9 C:\wamp\www\Projets_MVC_Free_Ads\vendor\laravel\framework\src\Illuminate\Console\Command.php(115): Illuminate\Container\Container->call()
#10 C:\wamp\www\Projets_MVC_Free_Ads\vendor\symfony\console\Symfony\Component\Console\Command\Command.php(257): Illuminate\Console\Command->execute()
#11 C:\wamp\www\Projets_MVC_Free_Ads\vendor\laravel\framework\src\Illuminate\Console\Command.php(101): Symfony\Component\Console\Command\Command->run()
#12 C:\wamp\www\Projets_MVC_Free_Ads\vendor\symfony\console\Symfony\Component\Console\Application.php(874): Illuminate\Console\Command->run()
#13 C:\wamp\www\Projets_MVC_Free_Ads\vendor\symfony\console\Symfony\Component\Console\Application.php(195): Symfony\Component\Console\Application->doRunCommand()
#14 C:\wamp\www\Projets_MVC_Free_Ads\vendor\symfony\console\Symfony\Component\Console\Application.php(126): Symfony\Component\Console\Application->doRun()
#15 C:\wamp\www\Projets_MVC_Free_Ads\vendor\laravel\framework\src\Illuminate\Foundation\Console\Kernel.php(90): Symfony\Component\Console\Application->run()
#16 C:\wamp\www\Projets_MVC_Free_Ads\artisan(36): Illuminate\Foundation\Console\Kernel->handle()
#17 C:\wamp\www\Projets_MVC_Free_Ads\artisan(0): {main}()
#18 {main}  
[2015-04-16 15:21:07] local.ERROR: exception 'PDOException' with message 'SQLSTATE[42000]: Syntax error or access violation: 1075 Incorrect table definition; there can be only one auto column and it must be defined as a key' in C:\wamp\www\Projets_MVC_Free_Ads\vendor\laravel\framework\src\Illuminate\Database\Connection.php:358
Stack trace:
#0 C:\wamp\www\Projets_MVC_Free_Ads\vendor\laravel\framework\src\Illuminate\Database\Connection.php(358): PDOStatement->execute(Array)
#1 C:\wamp\www\Projets_MVC_Free_Ads\vendor\laravel\framework\src\Illuminate\Database\Connection.php(612): Illuminate\Database\Connection->Illuminate\Database\{closure}(Object(Illuminate\Database\MySqlConnection), 'create table `a...', Array)
#2 C:\wamp\www\Projets_MVC_Free_Ads\vendor\laravel\framework\src\Illuminate\Database\Connection.php(576): Illuminate\Database\Connection->runQueryCallback('create table `a...', Array, Object(Closure))
#3 C:\wamp\www\Projets_MVC_Free_Ads\vendor\laravel\framework\src\Illuminate\Database\Connection.php(359): Illuminate\Database\Connection->run('create table `a...', Array, Object(Closure))
#4 C:\wamp\www\Projets_MVC_Free_Ads\vendor\laravel\framework\src\Illuminate\Database\Schema\Blueprint.php(63): Illuminate\Database\Connection->statement('create table `a...')
#5 C:\wamp\www\Projets_MVC_Free_Ads\vendor\laravel\framework\src\Illuminate\Database\Schema\Builder.php(169): Illuminate\Database\Schema\Blueprint->build(Object(Illuminate\Database\MySqlConnection), Object(Illuminate\Database\Schema\Grammars\MySqlGrammar))
#6 C:\wamp\www\Projets_MVC_Free_Ads\vendor\laravel\framework\src\Illuminate\Database\Schema\Builder.php(112): Illuminate\Database\Schema\Builder->build(Object(Illuminate\Database\Schema\Blueprint))
#7 C:\wamp\www\Projets_MVC_Free_Ads\vendor\laravel\framework\src\Illuminate\Support\Facades\Facade.php(213): Illuminate\Database\Schema\Builder->create('annonces', Object(Closure))
#8 C:\wamp\www\Projets_MVC_Free_Ads\database\migrations\2015_03_23_191508_createAnnonce.php(28): Illuminate\Support\Facades\Facade::__callStatic('create', Array)
#9 C:\wamp\www\Projets_MVC_Free_Ads\database\migrations\2015_03_23_191508_createAnnonce.php(28): Illuminate\Support\Facades\Schema::create('annonces', Object(Closure))
#10 C:\wamp\www\Projets_MVC_Free_Ads\vendor\laravel\framework\src\Illuminate\Database\Migrations\Migrator.php(135): CreateAnnonce->up()
#11 C:\wamp\www\Projets_MVC_Free_Ads\vendor\laravel\framework\src\Illuminate\Database\Migrations\Migrator.php(111): Illuminate\Database\Migrations\Migrator->runUp('2015_03_23_1915...', 1, false)
#12 C:\wamp\www\Projets_MVC_Free_Ads\vendor\laravel\framework\src\Illuminate\Database\Migrations\Migrator.php(82): Illuminate\Database\Migrations\Migrator->runMigrationList(Array, false)
#13 C:\wamp\www\Projets_MVC_Free_Ads\vendor\laravel\framework\src\Illuminate\Database\Console\Migrations\MigrateCommand.php(73): Illuminate\Database\Migrations\Migrator->run('C:\\wamp\\www\\Pro...', false)
#14 [internal function]: Illuminate\Database\Console\Migrations\MigrateCommand->fire()
#15 C:\wamp\www\Projets_MVC_Free_Ads\vendor\laravel\framework\src\Illuminate\Container\Container.php(523): call_user_func_array(Array, Array)
#16 C:\wamp\www\Projets_MVC_Free_Ads\vendor\laravel\framework\src\Illuminate\Console\Command.php(115): Illuminate\Container\Container->call(Array)
#17 C:\wamp\www\Projets_MVC_Free_Ads\vendor\symfony\console\Symfony\Component\Console\Command\Command.php(257): Illuminate\Console\Command->execute(Object(Symfony\Component\Console\Input\ArgvInput), Object(Symfony\Component\Console\Output\ConsoleOutput))
#18 C:\wamp\www\Projets_MVC_Free_Ads\vendor\laravel\framework\src\Illuminate\Console\Command.php(101): Symfony\Component\Console\Command\Command->run(Object(Symfony\Component\Console\Input\ArgvInput), Object(Symfony\Component\Console\Output\ConsoleOutput))
#19 C:\wamp\www\Projets_MVC_Free_Ads\vendor\symfony\console\Symfony\Component\Console\Application.php(874): Illuminate\Console\Command->run(Object(Symfony\Component\Console\Input\ArgvInput), Object(Symfony\Component\Console\Output\ConsoleOutput))
#20 C:\wamp\www\Projets_MVC_Free_Ads\vendor\symfony\console\Symfony\Component\Console\Application.php(195): Symfony\Component\Console\Application->doRunCommand(Object(Illuminate\Database\Console\Migrations\MigrateCommand), Object(Symfony\Component\Console\Input\ArgvInput), Object(Symfony\Component\Console\Output\ConsoleOutput))
#21 C:\wamp\www\Projets_MVC_Free_Ads\vendor\symfony\console\Symfony\Component\Console\Application.php(126): Symfony\Component\Console\Application->doRun(Object(Symfony\Component\Console\Input\ArgvInput), Object(Symfony\Component\Console\Output\ConsoleOutput))
#22 C:\wamp\www\Projets_MVC_Free_Ads\vendor\laravel\framework\src\Illuminate\Foundation\Console\Kernel.php(90): Symfony\Component\Console\Application->run(Object(Symfony\Component\Console\Input\ArgvInput), Object(Symfony\Component\Console\Output\ConsoleOutput))
#23 C:\wamp\www\Projets_MVC_Free_Ads\artisan(36): Illuminate\Foundation\Console\Kernel->handle(Object(Symfony\Component\Console\Input\ArgvInput), Object(Symfony\Component\Console\Output\ConsoleOutput))
#24 {main}

Next exception 'Illuminate\Database\QueryException' with message 'SQLSTATE[42000]: Syntax error or access violation: 1075 Incorrect table definition; there can be only one auto column and it must be defined as a key (SQL: create table `annonces` (`id` int unsigned not null auto_increment primary key, `user_id` int not null, `titre` varchar(100) not null, `prix` int not null auto_increment primary key, `picture` text not null, `email` varchar(100) not null, `numero` int not null auto_increment primary key, `monnaie` varchar(10) not null, `description` varchar(255) not null, `created_at` timestamp default 0 not null, `updated_at` timestamp default 0 not null, `remember_token` text not null) default character set utf8 collate utf8_unicode_ci)' in C:\wamp\www\Projets_MVC_Free_Ads\vendor\laravel\framework\src\Illuminate\Database\Connection.php:620
Stack trace:
#0 C:\wamp\www\Projets_MVC_Free_Ads\vendor\laravel\framework\src\Illuminate\Database\Connection.php(576): Illuminate\Database\Connection->runQueryCallback('create table `a...', Array, Object(Closure))
#1 C:\wamp\www\Projets_MVC_Free_Ads\vendor\laravel\framework\src\Illuminate\Database\Connection.php(359): Illuminate\Database\Connection->run('create table `a...', Array, Object(Closure))
#2 C:\wamp\www\Projets_MVC_Free_Ads\vendor\laravel\framework\src\Illuminate\Database\Schema\Blueprint.php(63): Illuminate\Database\Connection->statement('create table `a...')
#3 C:\wamp\www\Projets_MVC_Free_Ads\vendor\laravel\framework\src\Illuminate\Database\Schema\Builder.php(169): Illuminate\Database\Schema\Blueprint->build(Object(Illuminate\Database\MySqlConnection), Object(Illuminate\Database\Schema\Grammars\MySqlGrammar))
#4 C:\wamp\www\Projets_MVC_Free_Ads\vendor\laravel\framework\src\Illuminate\Database\Schema\Builder.php(112): Illuminate\Database\Schema\Builder->build(Object(Illuminate\Database\Schema\Blueprint))
#5 C:\wamp\www\Projets_MVC_Free_Ads\vendor\laravel\framework\src\Illuminate\Support\Facades\Facade.php(213): Illuminate\Database\Schema\Builder->create('annonces', Object(Closure))
#6 C:\wamp\www\Projets_MVC_Free_Ads\database\migrations\2015_03_23_191508_createAnnonce.php(28): Illuminate\Support\Facades\Facade::__callStatic('create', Array)
#7 C:\wamp\www\Projets_MVC_Free_Ads\database\migrations\2015_03_23_191508_createAnnonce.php(28): Illuminate\Support\Facades\Schema::create('annonces', Object(Closure))
#8 C:\wamp\www\Projets_MVC_Free_Ads\vendor\laravel\framework\src\Illuminate\Database\Migrations\Migrator.php(135): CreateAnnonce->up()
#9 C:\wamp\www\Projets_MVC_Free_Ads\vendor\laravel\framework\src\Illuminate\Database\Migrations\Migrator.php(111): Illuminate\Database\Migrations\Migrator->runUp('2015_03_23_1915...', 1, false)
#10 C:\wamp\www\Projets_MVC_Free_Ads\vendor\laravel\framework\src\Illuminate\Database\Migrations\Migrator.php(82): Illuminate\Database\Migrations\Migrator->runMigrationList(Array, false)
#11 C:\wamp\www\Projets_MVC_Free_Ads\vendor\laravel\framework\src\Illuminate\Database\Console\Migrations\MigrateCommand.php(73): Illuminate\Database\Migrations\Migrator->run('C:\\wamp\\www\\Pro...', false)
#12 [internal function]: Illuminate\Database\Console\Migrations\MigrateCommand->fire()
#13 C:\wamp\www\Projets_MVC_Free_Ads\vendor\laravel\framework\src\Illuminate\Container\Container.php(523): call_user_func_array(Array, Array)
#14 C:\wamp\www\Projets_MVC_Free_Ads\vendor\laravel\framework\src\Illuminate\Console\Command.php(115): Illuminate\Container\Container->call(Array)
#15 C:\wamp\www\Projets_MVC_Free_Ads\vendor\symfony\console\Symfony\Component\Console\Command\Command.php(257): Illuminate\Console\Command->execute(Object(Symfony\Component\Console\Input\ArgvInput), Object(Symfony\Component\Console\Output\ConsoleOutput))
#16 C:\wamp\www\Projets_MVC_Free_Ads\vendor\laravel\framework\src\Illuminate\Console\Command.php(101): Symfony\Component\Console\Command\Command->run(Object(Symfony\Component\Console\Input\ArgvInput), Object(Symfony\Component\Console\Output\ConsoleOutput))
#17 C:\wamp\www\Projets_MVC_Free_Ads\vendor\symfony\console\Symfony\Component\Console\Application.php(874): Illuminate\Console\Command->run(Object(Symfony\Component\Console\Input\ArgvInput), Object(Symfony\Component\Console\Output\ConsoleOutput))
#18 C:\wamp\www\Projets_MVC_Free_Ads\vendor\symfony\console\Symfony\Component\Console\Application.php(195): Symfony\Component\Console\Application->doRunCommand(Object(Illuminate\Database\Console\Migrations\MigrateCommand), Object(Symfony\Component\Console\Input\ArgvInput), Object(Symfony\Component\Console\Output\ConsoleOutput))
#19 C:\wamp\www\Projets_MVC_Free_Ads\vendor\symfony\console\Symfony\Component\Console\Application.php(126): Symfony\Component\Console\Application->doRun(Object(Symfony\Component\Console\Input\ArgvInput), Object(Symfony\Component\Console\Output\ConsoleOutput))
#20 C:\wamp\www\Projets_MVC_Free_Ads\vendor\laravel\framework\src\Illuminate\Foundation\Console\Kernel.php(90): Symfony\Component\Console\Application->run(Object(Symfony\Component\Console\Input\ArgvInput), Object(Symfony\Component\Console\Output\ConsoleOutput))
#21 C:\wamp\www\Projets_MVC_Free_Ads\artisan(36): Illuminate\Foundation\Console\Kernel->handle(Object(Symfony\Component\Console\Input\ArgvInput), Object(Symfony\Component\Console\Output\ConsoleOutput))
#22 {main}  
